2016-03-24 09:28:03,861 [INFO] from play.core.server.NettyServer in pool-4-thread-5 - Listening for HTTP on /0:0:0:0:0:0:0:0:9000
2016-03-24 09:28:23,964 [INFO] from application in ForkJoinPool-1-worker-1 - ApplicationTimer demo: Starting application at 2016-03-24T08:28:23.962Z
2016-03-24 09:28:24,172 [INFO] from play.api.Play in ForkJoinPool-1-worker-1 - Application started (Dev)
2016-03-24 09:29:18,662 [INFO] from application in application-akka.actor.default-dispatcher-7 - ApplicationTimer demo: Stopping application at 2016-03-24T08:29:18.662Z after 55s.
2016-03-24 09:29:18,762 [INFO] from application in application-akka.actor.default-dispatcher-7 - ApplicationTimer demo: Starting application at 2016-03-24T08:29:18.762Z
2016-03-24 09:29:18,818 [INFO] from play.api.Play in application-akka.actor.default-dispatcher-7 - Application started (Dev)
2016-03-24 09:36:36,004 [INFO] from application in application-akka.actor.default-dispatcher-3 - ApplicationTimer demo: Stopping application at 2016-03-24T08:36:36.004Z after 438s.
2016-03-24 09:36:36,082 [INFO] from application in application-akka.actor.default-dispatcher-3 - ApplicationTimer demo: Starting application at 2016-03-24T08:36:36.082Z
2016-03-24 09:36:36,124 [INFO] from play.api.Play in application-akka.actor.default-dispatcher-3 - Application started (Dev)
2016-03-24 09:40:57,849 [INFO] from application in application-akka.actor.default-dispatcher-4 - ApplicationTimer demo: Stopping application at 2016-03-24T08:40:57.848Z after 261s.
2016-03-24 09:40:57,970 [INFO] from application in application-akka.actor.default-dispatcher-4 - ApplicationTimer demo: Starting application at 2016-03-24T08:40:57.970Z
2016-03-24 09:40:58,020 [INFO] from play.api.Play in application-akka.actor.default-dispatcher-4 - Application started (Dev)
2016-03-24 09:43:33,891 [ERROR] from application in netty-event-loop-8 - 

! @6pg93nhli - Internal server error, for (GET) [/login/aaaa/aaaaa] ->
 
play.sbt.PlayExceptions$CompilationException: Compilation error[ security.JWT cannot be converted to model.User]
	at play.sbt.PlayExceptions$CompilationException$.apply(PlayExceptions.scala:27)
	at play.sbt.PlayExceptions$CompilationException$.apply(PlayExceptions.scala:27)
	at scala.Option.map(Option.scala:145)
	at play.sbt.run.PlayReload$$anonfun$taskFailureHandler$1.apply(PlayReload.scala:49)
	at play.sbt.run.PlayReload$$anonfun$taskFailureHandler$1.apply(PlayReload.scala:44)
	at scala.Option.map(Option.scala:145)
	at play.sbt.run.PlayReload$.taskFailureHandler(PlayReload.scala:44)
	at play.sbt.run.PlayReload$.compileFailure(PlayReload.scala:40)
	at play.sbt.run.PlayReload$$anonfun$compile$1.apply(PlayReload.scala:17)
	at play.sbt.run.PlayReload$$anonfun$compile$1.apply(PlayReload.scala:17)
	at scala.util.Either$LeftProjection.map(Either.scala:377)
	at play.sbt.run.PlayReload$.compile(PlayReload.scala:17)
	at play.sbt.run.PlayRun$$anonfun$playRunTask$1$$anonfun$apply$2$$anonfun$apply$3$$anonfun$2.apply(PlayRun.scala:61)
	at play.sbt.run.PlayRun$$anonfun$playRunTask$1$$anonfun$apply$2$$anonfun$apply$3$$anonfun$2.apply(PlayRun.scala:61)
	at play.runsupport.Reloader$$anonfun$reload$1.apply(Reloader.scala:338)
	at play.runsupport.Reloader$$anon$3.run(Reloader.scala:43)
	at java.security.AccessController.doPrivileged(Native Method)
	at play.runsupport.Reloader$.play$runsupport$Reloader$$withReloaderContextClassLoader(Reloader.scala:39)
	at play.runsupport.Reloader.reload(Reloader.scala:336)
	at play.core.server.DevServerStart$$anonfun$mainDev$1$$anon$1$$anonfun$get$1.apply(DevServerStart.scala:118)
	at play.core.server.DevServerStart$$anonfun$mainDev$1$$anon$1$$anonfun$get$1.apply(DevServerStart.scala:116)
	at scala.concurrent.impl.Future$PromiseCompletingRunnable.liftedTree1$1(Future.scala:24)
	at scala.concurrent.impl.Future$PromiseCompletingRunnable.run(Future.scala:24)
	at akka.dispatch.TaskInvocation.run(AbstractDispatcher.scala:39)
	at akka.dispatch.ForkJoinExecutorConfigurator$AkkaForkJoinTask.exec(AbstractDispatcher.scala:405)
	at scala.concurrent.forkjoin.ForkJoinTask.doExec(ForkJoinTask.java:260)
	at scala.concurrent.forkjoin.ForkJoinPool$WorkQueue.runTask(ForkJoinPool.java:1339)
	at scala.concurrent.forkjoin.ForkJoinPool.runWorker(ForkJoinPool.java:1979)
	at scala.concurrent.forkjoin.ForkJoinWorkerThread.run(ForkJoinWorkerThread.java:107)
2016-03-24 09:43:34,066 [ERROR] from application in netty-event-loop-8 - 

! @6pg93ni2f - Internal server error, for (GET) [/login/aaaa/aaaaa] ->
 
play.sbt.PlayExceptions$CompilationException: Compilation error[ security.JWT cannot be converted to model.User]
	at play.sbt.PlayExceptions$CompilationException$.apply(PlayExceptions.scala:27)
	at play.sbt.PlayExceptions$CompilationException$.apply(PlayExceptions.scala:27)
	at scala.Option.map(Option.scala:145)
	at play.sbt.run.PlayReload$$anonfun$taskFailureHandler$1.apply(PlayReload.scala:49)
	at play.sbt.run.PlayReload$$anonfun$taskFailureHandler$1.apply(PlayReload.scala:44)
	at scala.Option.map(Option.scala:145)
	at play.sbt.run.PlayReload$.taskFailureHandler(PlayReload.scala:44)
	at play.sbt.run.PlayReload$.compileFailure(PlayReload.scala:40)
	at play.sbt.run.PlayReload$$anonfun$compile$1.apply(PlayReload.scala:17)
	at play.sbt.run.PlayReload$$anonfun$compile$1.apply(PlayReload.scala:17)
	at scala.util.Either$LeftProjection.map(Either.scala:377)
	at play.sbt.run.PlayReload$.compile(PlayReload.scala:17)
	at play.sbt.run.PlayRun$$anonfun$playRunTask$1$$anonfun$apply$2$$anonfun$apply$3$$anonfun$2.apply(PlayRun.scala:61)
	at play.sbt.run.PlayRun$$anonfun$playRunTask$1$$anonfun$apply$2$$anonfun$apply$3$$anonfun$2.apply(PlayRun.scala:61)
	at play.runsupport.Reloader$$anonfun$reload$1.apply(Reloader.scala:338)
	at play.runsupport.Reloader$$anon$3.run(Reloader.scala:43)
	at java.security.AccessController.doPrivileged(Native Method)
	at play.runsupport.Reloader$.play$runsupport$Reloader$$withReloaderContextClassLoader(Reloader.scala:39)
	at play.runsupport.Reloader.reload(Reloader.scala:336)
	at play.core.server.DevServerStart$$anonfun$mainDev$1$$anon$1$$anonfun$get$1.apply(DevServerStart.scala:118)
	at play.core.server.DevServerStart$$anonfun$mainDev$1$$anon$1$$anonfun$get$1.apply(DevServerStart.scala:116)
	at scala.concurrent.impl.Future$PromiseCompletingRunnable.liftedTree1$1(Future.scala:24)
	at scala.concurrent.impl.Future$PromiseCompletingRunnable.run(Future.scala:24)
	at akka.dispatch.TaskInvocation.run(AbstractDispatcher.scala:39)
	at akka.dispatch.ForkJoinExecutorConfigurator$AkkaForkJoinTask.exec(AbstractDispatcher.scala:405)
	at scala.concurrent.forkjoin.ForkJoinTask.doExec(ForkJoinTask.java:260)
	at scala.concurrent.forkjoin.ForkJoinPool$WorkQueue.runTask(ForkJoinPool.java:1339)
	at scala.concurrent.forkjoin.ForkJoinPool.runWorker(ForkJoinPool.java:1979)
	at scala.concurrent.forkjoin.ForkJoinWorkerThread.run(ForkJoinWorkerThread.java:107)
2016-03-24 09:43:34,234 [ERROR] from application in netty-event-loop-8 - 

! @6pg93ni90 - Internal server error, for (GET) [/login/aaaa/aaaaa] ->
 
play.sbt.PlayExceptions$CompilationException: Compilation error[ security.JWT cannot be converted to model.User]
	at play.sbt.PlayExceptions$CompilationException$.apply(PlayExceptions.scala:27)
	at play.sbt.PlayExceptions$CompilationException$.apply(PlayExceptions.scala:27)
	at scala.Option.map(Option.scala:145)
	at play.sbt.run.PlayReload$$anonfun$taskFailureHandler$1.apply(PlayReload.scala:49)
	at play.sbt.run.PlayReload$$anonfun$taskFailureHandler$1.apply(PlayReload.scala:44)
	at scala.Option.map(Option.scala:145)
	at play.sbt.run.PlayReload$.taskFailureHandler(PlayReload.scala:44)
	at play.sbt.run.PlayReload$.compileFailure(PlayReload.scala:40)
	at play.sbt.run.PlayReload$$anonfun$compile$1.apply(PlayReload.scala:17)
	at play.sbt.run.PlayReload$$anonfun$compile$1.apply(PlayReload.scala:17)
	at scala.util.Either$LeftProjection.map(Either.scala:377)
	at play.sbt.run.PlayReload$.compile(PlayReload.scala:17)
	at play.sbt.run.PlayRun$$anonfun$playRunTask$1$$anonfun$apply$2$$anonfun$apply$3$$anonfun$2.apply(PlayRun.scala:61)
	at play.sbt.run.PlayRun$$anonfun$playRunTask$1$$anonfun$apply$2$$anonfun$apply$3$$anonfun$2.apply(PlayRun.scala:61)
	at play.runsupport.Reloader$$anonfun$reload$1.apply(Reloader.scala:338)
	at play.runsupport.Reloader$$anon$3.run(Reloader.scala:43)
	at java.security.AccessController.doPrivileged(Native Method)
	at play.runsupport.Reloader$.play$runsupport$Reloader$$withReloaderContextClassLoader(Reloader.scala:39)
	at play.runsupport.Reloader.reload(Reloader.scala:336)
	at play.core.server.DevServerStart$$anonfun$mainDev$1$$anon$1$$anonfun$get$1.apply(DevServerStart.scala:118)
	at play.core.server.DevServerStart$$anonfun$mainDev$1$$anon$1$$anonfun$get$1.apply(DevServerStart.scala:116)
	at scala.concurrent.impl.Future$PromiseCompletingRunnable.liftedTree1$1(Future.scala:24)
	at scala.concurrent.impl.Future$PromiseCompletingRunnable.run(Future.scala:24)
	at akka.dispatch.TaskInvocation.run(AbstractDispatcher.scala:39)
	at akka.dispatch.ForkJoinExecutorConfigurator$AkkaForkJoinTask.exec(AbstractDispatcher.scala:405)
	at scala.concurrent.forkjoin.ForkJoinTask.doExec(ForkJoinTask.java:260)
	at scala.concurrent.forkjoin.ForkJoinPool$WorkQueue.runTask(ForkJoinPool.java:1339)
	at scala.concurrent.forkjoin.ForkJoinPool.runWorker(ForkJoinPool.java:1979)
	at scala.concurrent.forkjoin.ForkJoinWorkerThread.run(ForkJoinWorkerThread.java:107)
2016-03-24 09:44:03,375 [INFO] from application in application-akka.actor.default-dispatcher-6 - ApplicationTimer demo: Stopping application at 2016-03-24T08:44:03.375Z after 186s.
2016-03-24 09:44:03,452 [INFO] from application in application-akka.actor.default-dispatcher-6 - ApplicationTimer demo: Starting application at 2016-03-24T08:44:03.452Z
2016-03-24 09:44:03,491 [INFO] from play.api.Play in application-akka.actor.default-dispatcher-6 - Application started (Dev)
2016-03-24 09:45:23,606 [INFO] from application in application-akka.actor.default-dispatcher-3 - ApplicationTimer demo: Stopping application at 2016-03-24T08:45:23.606Z after 80s.
2016-03-24 09:45:23,680 [INFO] from application in application-akka.actor.default-dispatcher-3 - ApplicationTimer demo: Starting application at 2016-03-24T08:45:23.680Z
2016-03-24 09:45:23,725 [INFO] from play.api.Play in application-akka.actor.default-dispatcher-3 - Application started (Dev)
